<?xml version="1.0" encoding="UTF-8"?>
<testsuite name="io.grpc.examples.helloworld.HelloWorldClientTest" tests="1" skipped="0" failures="0" errors="0" timestamp="2018-10-19T14:14:44" hostname="Users-MacBook-Pro-2.local" time="0.461">
  <properties/>
  <testcase name="greet_messageDeliveredToServer" classname="io.grpc.examples.helloworld.HelloWorldClientTest" time="0.461"/>
  <system-out><![CDATA[]]></system-out>
  <system-err><![CDATA[Oct 19, 2018 5:14:44 PM io.grpc.examples.helloworld.HelloWorldClient greet
INFO: Will try to greet test name...
Oct 19, 2018 5:14:44 PM io.grpc.examples.helloworld.HelloWorldClient greet
WARNING: RPC failed: Status{code=UNIMPLEMENTED, description=Method helloworld.Greeter/SayHello is unimplemented, cause=null}
]]></system-err>
</testsuite>
